2023-11-04 17:39:30,968 [INFO] Activator:177 - 


2023-11-04 17:39:30,968 [INFO] Activator:178 - !SESSION log4j initialized
2023-11-04 17:40:03,200 [ERROR] LogOutputStream:74 - [STDERR_REDIRECT] SLF4J: Failed to load class "org.slf4j.impl.StaticLoggerBinder".
2023-11-04 17:40:03,200 [ERROR] LogOutputStream:74 - [STDERR_REDIRECT] SLF4J: Defaulting to no-operation (NOP) logger implementation
2023-11-04 17:40:03,209 [ERROR] LogOutputStream:74 - [STDERR_REDIRECT] SLF4J: See http://www.slf4j.org/codes.html#StaticLoggerBinder for further details.
2023-11-14 14:48:23,168 [INFO] Activator:177 - 


2023-11-14 14:48:23,184 [INFO] Activator:178 - !SESSION log4j initialized
2023-11-14 14:48:53,783 [ERROR] LogOutputStream:74 - [STDERR_REDIRECT] SLF4J: Failed to load class "org.slf4j.impl.StaticLoggerBinder".
2023-11-14 14:48:53,783 [ERROR] LogOutputStream:74 - [STDERR_REDIRECT] SLF4J: Defaulting to no-operation (NOP) logger implementation
2023-11-14 14:48:53,783 [ERROR] LogOutputStream:74 - [STDERR_REDIRECT] SLF4J: See http://www.slf4j.org/codes.html#StaticLoggerBinder for further details.
2023-11-14 14:52:52,746 [ERROR] LogOutputStream:74 - [STDERR_REDIRECT] Managed Build system manifest file error: Option com.st.stm32cube.ide.mcu.debug.option.cpuclock.531737370 uses a null category that is invalid in its context. The option was ignored.
2023-11-14 14:52:52,937 [ERROR] LogOutputStream:74 - [STDERR_REDIRECT] Managed Build system manifest file error: Option com.st.stm32cube.ide.mcu.debug.option.cpuclock.2111805175 uses a null category that is invalid in its context. The option was ignored.
2023-11-14 14:56:56,848 [ERROR] LogOutputStream:74 - [STDERR_REDIRECT] Managed Build system manifest file error: Option com.st.stm32cube.ide.mcu.debug.option.cpuclock.531737370 uses a null category that is invalid in its context. The option was ignored.
2023-11-14 14:58:15,510 [ERROR] LogOutputStream:74 - [STDERR_REDIRECT] Managed Build system manifest file error: Option com.st.stm32cube.ide.mcu.debug.option.cpuclock.531737370 uses a null category that is invalid in its context. The option was ignored.
2023-11-14 14:58:26,420 [ERROR] LogOutputStream:74 - [STDERR_REDIRECT] Managed Build system manifest file error: Option com.st.stm32cube.ide.mcu.debug.option.cpuclock.2111805175 uses a null category that is invalid in its context. The option was ignored.
2023-11-14 14:59:26,447 [INFO] Activator:177 - 


2023-11-14 14:59:26,447 [INFO] Activator:178 - !SESSION log4j initialized
2023-11-14 14:59:28,676 [ERROR] LogOutputStream:74 - [STDERR_REDIRECT] Managed Build system manifest file error: Option com.st.stm32cube.ide.mcu.debug.option.cpuclock.531737370 uses a null category that is invalid in its context. The option was ignored.
2023-11-14 14:59:28,933 [ERROR] LogOutputStream:74 - [STDERR_REDIRECT] Managed Build system manifest file error: Option com.st.stm32cube.ide.mcu.debug.option.cpuclock.2111805175 uses a null category that is invalid in its context. The option was ignored.
2023-11-14 14:59:58,686 [ERROR] LogOutputStream:74 - [STDERR_REDIRECT] SLF4J: Failed to load class "org.slf4j.impl.StaticLoggerBinder".
2023-11-14 14:59:58,686 [ERROR] LogOutputStream:74 - [STDERR_REDIRECT] SLF4J: Defaulting to no-operation (NOP) logger implementation
2023-11-14 14:59:58,701 [ERROR] LogOutputStream:74 - [STDERR_REDIRECT] SLF4J: See http://www.slf4j.org/codes.html#StaticLoggerBinder for further details.
2023-11-14 15:24:56,279 [ERROR] ApiDbMcu:1619 - Can't use Application install path:
2023-11-14 15:24:59,023 [WARN] RulesReader:63 - Compatibility file://mcu/compatibility.xml not found
